2018-05-27 00:55:52 INFO  main org.hibernate.Version - HHH000412: Hibernate Core {5.2.17.Final}
2018-05-27 00:55:52 INFO  main org.hibernate.cfg.Environment - HHH000206: hibernate.properties not found
2018-05-27 00:55:54 INFO  main org.hibernate.annotations.common.Version - HCANN000001: Hibernate Commons Annotations {5.0.1.Final}
2018-05-27 00:55:55 WARN  main org.hibernate.orm.connections.pooling - HHH10001002: Using Hibernate built-in connection pool (not for production use!)
2018-05-27 00:55:55 INFO  main org.hibernate.orm.connections.pooling - HHH10001005: using driver [com.mysql.jdbc.Driver] at URL [jdbc:mysql://localhost:3306/rabbit_gamble]
2018-05-27 00:55:55 INFO  main org.hibernate.orm.connections.pooling - HHH10001001: Connection properties: {user=root, password=****}
2018-05-27 00:55:55 INFO  main org.hibernate.orm.connections.pooling - HHH10001003: Autocommit mode: false
2018-05-27 00:55:55 INFO  main org.hibernate.engine.jdbc.connections.internal.DriverManagerConnectionProviderImpl - HHH000115: Hibernate connection pool size: 1 (min=1)
2018-05-27 00:55:58 INFO  main org.hibernate.service.internal.AbstractServiceRegistryImpl - HHH000369: Error stopping service [class org.hibernate.engine.jdbc.connections.internal.DriverManagerConnectionProviderImpl] : java.lang.NullPointerException
2018-05-27 00:55:58 ERROR main com.rabbitforever.gambling.daos.AboutHDao - com.rabbitforever.gambling.daos.AboutHDao.init() - connectionType=hibernate
java.lang.NullPointerException
	at com.rabbitforever.gambling.daos.DaoBase.init(DaoBase.java:89)
	at com.rabbitforever.gambling.daos.DaoBase.<init>(DaoBase.java:51)
	at com.rabbitforever.gambling.daos.AboutHDao.<init>(AboutHDao.java:25)
	at com.rabbitforever.gambling.daos.AboutHDaoTest.test(AboutHDaoTest.java:43)
	at sun.reflect.NativeMethodAccessorImpl.invoke0(Native Method)
	at sun.reflect.NativeMethodAccessorImpl.invoke(NativeMethodAccessorImpl.java:62)
	at sun.reflect.DelegatingMethodAccessorImpl.invoke(DelegatingMethodAccessorImpl.java:43)
	at java.lang.reflect.Method.invoke(Method.java:498)
	at org.junit.runners.model.FrameworkMethod$1.runReflectiveCall(FrameworkMethod.java:50)
	at org.junit.internal.runners.model.ReflectiveCallable.run(ReflectiveCallable.java:12)
	at org.junit.runners.model.FrameworkMethod.invokeExplosively(FrameworkMethod.java:47)
	at org.junit.internal.runners.statements.InvokeMethod.evaluate(InvokeMethod.java:17)
	at org.junit.internal.runners.statements.RunBefores.evaluate(RunBefores.java:26)
	at org.junit.internal.runners.statements.RunAfters.evaluate(RunAfters.java:27)
	at org.junit.runners.ParentRunner.runLeaf(ParentRunner.java:325)
	at org.junit.runners.BlockJUnit4ClassRunner.runChild(BlockJUnit4ClassRunner.java:78)
	at org.junit.runners.BlockJUnit4ClassRunner.runChild(BlockJUnit4ClassRunner.java:57)
	at org.junit.runners.ParentRunner$3.run(ParentRunner.java:290)
	at org.junit.runners.ParentRunner$1.schedule(ParentRunner.java:71)
	at org.junit.runners.ParentRunner.runChildren(ParentRunner.java:288)
	at org.junit.runners.ParentRunner.access$000(ParentRunner.java:58)
	at org.junit.runners.ParentRunner$2.evaluate(ParentRunner.java:268)
	at org.junit.internal.runners.statements.RunBefores.evaluate(RunBefores.java:26)
	at org.junit.internal.runners.statements.RunAfters.evaluate(RunAfters.java:27)
	at org.junit.runners.ParentRunner.run(ParentRunner.java:363)
	at org.eclipse.jdt.internal.junit4.runner.JUnit4TestReference.run(JUnit4TestReference.java:86)
	at org.eclipse.jdt.internal.junit.runner.TestExecution.run(TestExecution.java:38)
	at org.eclipse.jdt.internal.junit.runner.RemoteTestRunner.runTests(RemoteTestRunner.java:538)
	at org.eclipse.jdt.internal.junit.runner.RemoteTestRunner.runTests(RemoteTestRunner.java:760)
	at org.eclipse.jdt.internal.junit.runner.RemoteTestRunner.run(RemoteTestRunner.java:460)
	at org.eclipse.jdt.internal.junit.runner.RemoteTestRunner.main(RemoteTestRunner.java:206)
2018-05-27 00:55:58 ERROR main com.rabbitforever.gambling.daos.AboutHDao - com.rabbitforever.gambling.daos.AboutHDao.DaoBase() - connectionType=hibernate
java.lang.NullPointerException
	at com.rabbitforever.gambling.daos.DaoBase.init(DaoBase.java:89)
	at com.rabbitforever.gambling.daos.DaoBase.<init>(DaoBase.java:51)
	at com.rabbitforever.gambling.daos.AboutHDao.<init>(AboutHDao.java:25)
	at com.rabbitforever.gambling.daos.AboutHDaoTest.test(AboutHDaoTest.java:43)
	at sun.reflect.NativeMethodAccessorImpl.invoke0(Native Method)
	at sun.reflect.NativeMethodAccessorImpl.invoke(NativeMethodAccessorImpl.java:62)
	at sun.reflect.DelegatingMethodAccessorImpl.invoke(DelegatingMethodAccessorImpl.java:43)
	at java.lang.reflect.Method.invoke(Method.java:498)
	at org.junit.runners.model.FrameworkMethod$1.runReflectiveCall(FrameworkMethod.java:50)
	at org.junit.internal.runners.model.ReflectiveCallable.run(ReflectiveCallable.java:12)
	at org.junit.runners.model.FrameworkMethod.invokeExplosively(FrameworkMethod.java:47)
	at org.junit.internal.runners.statements.InvokeMethod.evaluate(InvokeMethod.java:17)
	at org.junit.internal.runners.statements.RunBefores.evaluate(RunBefores.java:26)
	at org.junit.internal.runners.statements.RunAfters.evaluate(RunAfters.java:27)
	at org.junit.runners.ParentRunner.runLeaf(ParentRunner.java:325)
	at org.junit.runners.BlockJUnit4ClassRunner.runChild(BlockJUnit4ClassRunner.java:78)
	at org.junit.runners.BlockJUnit4ClassRunner.runChild(BlockJUnit4ClassRunner.java:57)
	at org.junit.runners.ParentRunner$3.run(ParentRunner.java:290)
	at org.junit.runners.ParentRunner$1.schedule(ParentRunner.java:71)
	at org.junit.runners.ParentRunner.runChildren(ParentRunner.java:288)
	at org.junit.runners.ParentRunner.access$000(ParentRunner.java:58)
	at org.junit.runners.ParentRunner$2.evaluate(ParentRunner.java:268)
	at org.junit.internal.runners.statements.RunBefores.evaluate(RunBefores.java:26)
	at org.junit.internal.runners.statements.RunAfters.evaluate(RunAfters.java:27)
	at org.junit.runners.ParentRunner.run(ParentRunner.java:363)
	at org.eclipse.jdt.internal.junit4.runner.JUnit4TestReference.run(JUnit4TestReference.java:86)
	at org.eclipse.jdt.internal.junit.runner.TestExecution.run(TestExecution.java:38)
	at org.eclipse.jdt.internal.junit.runner.RemoteTestRunner.runTests(RemoteTestRunner.java:538)
	at org.eclipse.jdt.internal.junit.runner.RemoteTestRunner.runTests(RemoteTestRunner.java:760)
	at org.eclipse.jdt.internal.junit.runner.RemoteTestRunner.run(RemoteTestRunner.java:460)
	at org.eclipse.jdt.internal.junit.runner.RemoteTestRunner.main(RemoteTestRunner.java:206)
2018-05-27 00:57:11 INFO  main org.hibernate.Version - HHH000412: Hibernate Core {5.2.17.Final}
2018-05-27 00:57:11 INFO  main org.hibernate.cfg.Environment - HHH000206: hibernate.properties not found
2018-05-27 00:57:20 INFO  main org.hibernate.annotations.common.Version - HCANN000001: Hibernate Commons Annotations {5.0.1.Final}
2018-05-27 00:57:25 WARN  main org.hibernate.orm.connections.pooling - HHH10001002: Using Hibernate built-in connection pool (not for production use!)
2018-05-27 00:57:29 INFO  main org.hibernate.orm.connections.pooling - HHH10001005: using driver [com.mysql.jdbc.Driver] at URL [jdbc:mysql://localhost:3306/rabbit_gamble]
2018-05-27 00:57:29 INFO  main org.hibernate.orm.connections.pooling - HHH10001001: Connection properties: {user=root, password=****}
2018-05-27 00:57:29 INFO  main org.hibernate.orm.connections.pooling - HHH10001003: Autocommit mode: false
2018-05-27 00:57:29 INFO  main org.hibernate.engine.jdbc.connections.internal.DriverManagerConnectionProviderImpl - HHH000115: Hibernate connection pool size: 1 (min=1)
2018-05-27 00:57:34 INFO  main org.hibernate.service.internal.AbstractServiceRegistryImpl - HHH000369: Error stopping service [class org.hibernate.engine.jdbc.connections.internal.DriverManagerConnectionProviderImpl] : java.lang.NullPointerException
2018-05-27 01:00:50 INFO  main org.hibernate.Version - HHH000412: Hibernate Core {5.2.17.Final}
2018-05-27 01:00:50 INFO  main org.hibernate.cfg.Environment - HHH000206: hibernate.properties not found
2018-05-27 01:00:50 INFO  main org.hibernate.annotations.common.Version - HCANN000001: Hibernate Commons Annotations {5.0.1.Final}
2018-05-27 01:00:50 WARN  main org.hibernate.orm.connections.pooling - HHH10001002: Using Hibernate built-in connection pool (not for production use!)
2018-05-27 01:00:50 INFO  main org.hibernate.orm.connections.pooling - HHH10001005: using driver [com.mysql.jdbc.Driver] at URL [jdbc:mysql://localhost:3306/rabbit_gamble]
2018-05-27 01:00:50 INFO  main org.hibernate.orm.connections.pooling - HHH10001001: Connection properties: {user=root, password=****}
2018-05-27 01:00:50 INFO  main org.hibernate.orm.connections.pooling - HHH10001003: Autocommit mode: false
2018-05-27 01:00:50 INFO  main org.hibernate.engine.jdbc.connections.internal.DriverManagerConnectionProviderImpl - HHH000115: Hibernate connection pool size: 1 (min=1)
2018-05-27 01:00:53 INFO  main org.hibernate.service.internal.AbstractServiceRegistryImpl - HHH000369: Error stopping service [class org.hibernate.engine.jdbc.connections.internal.DriverManagerConnectionProviderImpl] : java.lang.NullPointerException
2018-05-27 01:00:53 ERROR main com.rabbitforever.gambling.daos.AboutHDao - com.rabbitforever.gambling.daos.AboutHDao.init() - connectionType=hibernate
java.lang.NullPointerException
	at com.rabbitforever.gambling.daos.DaoBase.init(DaoBase.java:89)
	at com.rabbitforever.gambling.daos.DaoBase.<init>(DaoBase.java:51)
	at com.rabbitforever.gambling.daos.AboutHDao.<init>(AboutHDao.java:25)
	at com.rabbitforever.gambling.daos.AboutHDaoTest.test(AboutHDaoTest.java:43)
	at sun.reflect.NativeMethodAccessorImpl.invoke0(Native Method)
	at sun.reflect.NativeMethodAccessorImpl.invoke(NativeMethodAccessorImpl.java:62)
	at sun.reflect.DelegatingMethodAccessorImpl.invoke(DelegatingMethodAccessorImpl.java:43)
	at java.lang.reflect.Method.invoke(Method.java:498)
	at org.junit.runners.model.FrameworkMethod$1.runReflectiveCall(FrameworkMethod.java:50)
	at org.junit.internal.runners.model.ReflectiveCallable.run(ReflectiveCallable.java:12)
	at org.junit.runners.model.FrameworkMethod.invokeExplosively(FrameworkMethod.java:47)
	at org.junit.internal.runners.statements.InvokeMethod.evaluate(InvokeMethod.java:17)
	at org.junit.internal.runners.statements.RunBefores.evaluate(RunBefores.java:26)
	at org.junit.internal.runners.statements.RunAfters.evaluate(RunAfters.java:27)
	at org.junit.runners.ParentRunner.runLeaf(ParentRunner.java:325)
	at org.junit.runners.BlockJUnit4ClassRunner.runChild(BlockJUnit4ClassRunner.java:78)
	at org.junit.runners.BlockJUnit4ClassRunner.runChild(BlockJUnit4ClassRunner.java:57)
	at org.junit.runners.ParentRunner$3.run(ParentRunner.java:290)
	at org.junit.runners.ParentRunner$1.schedule(ParentRunner.java:71)
	at org.junit.runners.ParentRunner.runChildren(ParentRunner.java:288)
	at org.junit.runners.ParentRunner.access$000(ParentRunner.java:58)
	at org.junit.runners.ParentRunner$2.evaluate(ParentRunner.java:268)
	at org.junit.internal.runners.statements.RunBefores.evaluate(RunBefores.java:26)
	at org.junit.internal.runners.statements.RunAfters.evaluate(RunAfters.java:27)
	at org.junit.runners.ParentRunner.run(ParentRunner.java:363)
	at org.eclipse.jdt.internal.junit4.runner.JUnit4TestReference.run(JUnit4TestReference.java:86)
	at org.eclipse.jdt.internal.junit.runner.TestExecution.run(TestExecution.java:38)
	at org.eclipse.jdt.internal.junit.runner.RemoteTestRunner.runTests(RemoteTestRunner.java:538)
	at org.eclipse.jdt.internal.junit.runner.RemoteTestRunner.runTests(RemoteTestRunner.java:760)
	at org.eclipse.jdt.internal.junit.runner.RemoteTestRunner.run(RemoteTestRunner.java:460)
	at org.eclipse.jdt.internal.junit.runner.RemoteTestRunner.main(RemoteTestRunner.java:206)
2018-05-27 01:00:53 ERROR main com.rabbitforever.gambling.daos.AboutHDao - com.rabbitforever.gambling.daos.AboutHDao.DaoBase() - connectionType=hibernate
java.lang.NullPointerException
	at com.rabbitforever.gambling.daos.DaoBase.init(DaoBase.java:89)
	at com.rabbitforever.gambling.daos.DaoBase.<init>(DaoBase.java:51)
	at com.rabbitforever.gambling.daos.AboutHDao.<init>(AboutHDao.java:25)
	at com.rabbitforever.gambling.daos.AboutHDaoTest.test(AboutHDaoTest.java:43)
	at sun.reflect.NativeMethodAccessorImpl.invoke0(Native Method)
	at sun.reflect.NativeMethodAccessorImpl.invoke(NativeMethodAccessorImpl.java:62)
	at sun.reflect.DelegatingMethodAccessorImpl.invoke(DelegatingMethodAccessorImpl.java:43)
	at java.lang.reflect.Method.invoke(Method.java:498)
	at org.junit.runners.model.FrameworkMethod$1.runReflectiveCall(FrameworkMethod.java:50)
	at org.junit.internal.runners.model.ReflectiveCallable.run(ReflectiveCallable.java:12)
	at org.junit.runners.model.FrameworkMethod.invokeExplosively(FrameworkMethod.java:47)
	at org.junit.internal.runners.statements.InvokeMethod.evaluate(InvokeMethod.java:17)
	at org.junit.internal.runners.statements.RunBefores.evaluate(RunBefores.java:26)
	at org.junit.internal.runners.statements.RunAfters.evaluate(RunAfters.java:27)
	at org.junit.runners.ParentRunner.runLeaf(ParentRunner.java:325)
	at org.junit.runners.BlockJUnit4ClassRunner.runChild(BlockJUnit4ClassRunner.java:78)
	at org.junit.runners.BlockJUnit4ClassRunner.runChild(BlockJUnit4ClassRunner.java:57)
	at org.junit.runners.ParentRunner$3.run(ParentRunner.java:290)
	at org.junit.runners.ParentRunner$1.schedule(ParentRunner.java:71)
	at org.junit.runners.ParentRunner.runChildren(ParentRunner.java:288)
	at org.junit.runners.ParentRunner.access$000(ParentRunner.java:58)
	at org.junit.runners.ParentRunner$2.evaluate(ParentRunner.java:268)
	at org.junit.internal.runners.statements.RunBefores.evaluate(RunBefores.java:26)
	at org.junit.internal.runners.statements.RunAfters.evaluate(RunAfters.java:27)
	at org.junit.runners.ParentRunner.run(ParentRunner.java:363)
	at org.eclipse.jdt.internal.junit4.runner.JUnit4TestReference.run(JUnit4TestReference.java:86)
	at org.eclipse.jdt.internal.junit.runner.TestExecution.run(TestExecution.java:38)
	at org.eclipse.jdt.internal.junit.runner.RemoteTestRunner.runTests(RemoteTestRunner.java:538)
	at org.eclipse.jdt.internal.junit.runner.RemoteTestRunner.runTests(RemoteTestRunner.java:760)
	at org.eclipse.jdt.internal.junit.runner.RemoteTestRunner.run(RemoteTestRunner.java:460)
	at org.eclipse.jdt.internal.junit.runner.RemoteTestRunner.main(RemoteTestRunner.java:206)
2018-05-27 01:02:20 INFO  main org.hibernate.Version - HHH000412: Hibernate Core {5.2.17.Final}
2018-05-27 01:02:21 INFO  main org.hibernate.cfg.Environment - HHH000206: hibernate.properties not found
2018-05-27 01:02:21 INFO  main org.hibernate.annotations.common.Version - HCANN000001: Hibernate Commons Annotations {5.0.1.Final}
2018-05-27 01:02:21 WARN  main org.hibernate.orm.connections.pooling - HHH10001002: Using Hibernate built-in connection pool (not for production use!)
2018-05-27 01:02:22 INFO  main org.hibernate.orm.connections.pooling - HHH10001005: using driver [com.mysql.jdbc.Driver] at URL [jdbc:mysql://localhost:3306/rabbit_gamble]
2018-05-27 01:02:22 INFO  main org.hibernate.orm.connections.pooling - HHH10001001: Connection properties: {user=root, password=****}
2018-05-27 01:02:22 INFO  main org.hibernate.orm.connections.pooling - HHH10001003: Autocommit mode: false
2018-05-27 01:02:22 INFO  main org.hibernate.engine.jdbc.connections.internal.DriverManagerConnectionProviderImpl - HHH000115: Hibernate connection pool size: 1 (min=1)
2018-05-27 01:02:23 INFO  main org.hibernate.dialect.Dialect - HHH000400: Using dialect: org.hibernate.dialect.MySQLDialect
2018-05-27 01:02:26 INFO  main org.hibernate.hql.internal.QueryTranslatorFactoryInitiator - HHH000397: Using ASTQueryTranslatorFactory
2018-05-27 17:57:48 INFO  main org.hibernate.Version - HHH000412: Hibernate Core {5.2.17.Final}
2018-05-27 17:57:48 INFO  main org.hibernate.cfg.Environment - HHH000206: hibernate.properties not found
2018-05-27 17:57:48 INFO  main org.hibernate.annotations.common.Version - HCANN000001: Hibernate Commons Annotations {5.0.1.Final}
2018-05-27 17:57:48 WARN  main org.hibernate.orm.connections.pooling - HHH10001002: Using Hibernate built-in connection pool (not for production use!)
2018-05-27 17:57:49 INFO  main org.hibernate.orm.connections.pooling - HHH10001005: using driver [com.mysql.jdbc.Driver] at URL [jdbc:mysql://localhost:3306/rabbit_gamble]
2018-05-27 17:57:49 INFO  main org.hibernate.orm.connections.pooling - HHH10001001: Connection properties: {user=root, password=****}
2018-05-27 17:57:49 INFO  main org.hibernate.orm.connections.pooling - HHH10001003: Autocommit mode: false
2018-05-27 17:57:49 INFO  main org.hibernate.engine.jdbc.connections.internal.DriverManagerConnectionProviderImpl - HHH000115: Hibernate connection pool size: 1 (min=1)
2018-05-27 17:57:49 INFO  main org.hibernate.dialect.Dialect - HHH000400: Using dialect: org.hibernate.dialect.MySQLDialect
2018-05-27 17:57:51 INFO  main org.hibernate.hql.internal.QueryTranslatorFactoryInitiator - HHH000397: Using ASTQueryTranslatorFactory
2018-05-27 18:02:17 INFO  main org.hibernate.Version - HHH000412: Hibernate Core {5.2.17.Final}
2018-05-27 18:02:17 INFO  main org.hibernate.cfg.Environment - HHH000206: hibernate.properties not found
2018-05-27 18:02:17 INFO  main org.hibernate.annotations.common.Version - HCANN000001: Hibernate Commons Annotations {5.0.1.Final}
2018-05-27 18:02:18 WARN  main org.hibernate.orm.connections.pooling - HHH10001002: Using Hibernate built-in connection pool (not for production use!)
2018-05-27 18:02:18 INFO  main org.hibernate.orm.connections.pooling - HHH10001005: using driver [com.mysql.jdbc.Driver] at URL [jdbc:mysql://localhost:3306/rabbit_gamble]
2018-05-27 18:02:18 INFO  main org.hibernate.orm.connections.pooling - HHH10001001: Connection properties: {user=root, password=****}
2018-05-27 18:02:18 INFO  main org.hibernate.orm.connections.pooling - HHH10001003: Autocommit mode: false
2018-05-27 18:02:18 INFO  main org.hibernate.engine.jdbc.connections.internal.DriverManagerConnectionProviderImpl - HHH000115: Hibernate connection pool size: 1 (min=1)
2018-05-27 18:02:18 INFO  main org.hibernate.dialect.Dialect - HHH000400: Using dialect: org.hibernate.dialect.MySQLDialect
2018-05-27 18:02:20 INFO  main org.hibernate.hql.internal.QueryTranslatorFactoryInitiator - HHH000397: Using ASTQueryTranslatorFactory
2018-05-27 18:03:12 INFO  main org.hibernate.Version - HHH000412: Hibernate Core {5.2.17.Final}
2018-05-27 18:03:12 INFO  main org.hibernate.cfg.Environment - HHH000206: hibernate.properties not found
2018-05-27 18:03:13 INFO  main org.hibernate.annotations.common.Version - HCANN000001: Hibernate Commons Annotations {5.0.1.Final}
2018-05-27 18:03:13 WARN  main org.hibernate.orm.connections.pooling - HHH10001002: Using Hibernate built-in connection pool (not for production use!)
2018-05-27 18:03:13 INFO  main org.hibernate.orm.connections.pooling - HHH10001005: using driver [com.mysql.jdbc.Driver] at URL [jdbc:mysql://localhost:3306/rabbit_gamble]
2018-05-27 18:03:13 INFO  main org.hibernate.orm.connections.pooling - HHH10001001: Connection properties: {user=root, password=****}
2018-05-27 18:03:13 INFO  main org.hibernate.orm.connections.pooling - HHH10001003: Autocommit mode: false
2018-05-27 18:03:13 INFO  main org.hibernate.engine.jdbc.connections.internal.DriverManagerConnectionProviderImpl - HHH000115: Hibernate connection pool size: 1 (min=1)
2018-05-27 18:03:14 INFO  main org.hibernate.dialect.Dialect - HHH000400: Using dialect: org.hibernate.dialect.MySQLDialect
2018-05-27 18:03:15 INFO  main org.hibernate.hql.internal.QueryTranslatorFactoryInitiator - HHH000397: Using ASTQueryTranslatorFactory
2018-05-27 18:03:48 INFO  main org.hibernate.Version - HHH000412: Hibernate Core {5.2.17.Final}
2018-05-27 18:03:48 INFO  main org.hibernate.cfg.Environment - HHH000206: hibernate.properties not found
2018-05-27 18:03:48 INFO  main org.hibernate.annotations.common.Version - HCANN000001: Hibernate Commons Annotations {5.0.1.Final}
2018-05-27 18:03:48 WARN  main org.hibernate.orm.connections.pooling - HHH10001002: Using Hibernate built-in connection pool (not for production use!)
2018-05-27 18:03:48 INFO  main org.hibernate.orm.connections.pooling - HHH10001005: using driver [com.mysql.jdbc.Driver] at URL [jdbc:mysql://localhost:3306/rabbit_gamble]
2018-05-27 18:03:48 INFO  main org.hibernate.orm.connections.pooling - HHH10001001: Connection properties: {user=root, password=****}
2018-05-27 18:03:48 INFO  main org.hibernate.orm.connections.pooling - HHH10001003: Autocommit mode: false
2018-05-27 18:03:48 INFO  main org.hibernate.engine.jdbc.connections.internal.DriverManagerConnectionProviderImpl - HHH000115: Hibernate connection pool size: 1 (min=1)
2018-05-27 18:03:49 INFO  main org.hibernate.dialect.Dialect - HHH000400: Using dialect: org.hibernate.dialect.MySQLDialect
2018-05-27 18:03:51 INFO  main org.hibernate.hql.internal.QueryTranslatorFactoryInitiator - HHH000397: Using ASTQueryTranslatorFactory
2018-05-27 18:04:11 INFO  main org.hibernate.Version - HHH000412: Hibernate Core {5.2.17.Final}
2018-05-27 18:04:11 INFO  main org.hibernate.cfg.Environment - HHH000206: hibernate.properties not found
2018-05-27 18:04:12 INFO  main org.hibernate.annotations.common.Version - HCANN000001: Hibernate Commons Annotations {5.0.1.Final}
2018-05-27 18:04:12 WARN  main org.hibernate.orm.connections.pooling - HHH10001002: Using Hibernate built-in connection pool (not for production use!)
2018-05-27 18:04:12 INFO  main org.hibernate.orm.connections.pooling - HHH10001005: using driver [com.mysql.jdbc.Driver] at URL [jdbc:mysql://localhost:3306/rabbit_gamble]
2018-05-27 18:04:12 INFO  main org.hibernate.orm.connections.pooling - HHH10001001: Connection properties: {user=root, password=****}
2018-05-27 18:04:12 INFO  main org.hibernate.orm.connections.pooling - HHH10001003: Autocommit mode: false
2018-05-27 18:04:12 INFO  main org.hibernate.engine.jdbc.connections.internal.DriverManagerConnectionProviderImpl - HHH000115: Hibernate connection pool size: 1 (min=1)
2018-05-27 18:04:13 INFO  main org.hibernate.dialect.Dialect - HHH000400: Using dialect: org.hibernate.dialect.MySQLDialect
2018-05-27 18:04:14 INFO  main org.hibernate.hql.internal.QueryTranslatorFactoryInitiator - HHH000397: Using ASTQueryTranslatorFactory
